<?xml version="1.0" encoding="UTF-8"?>
<!-- Generated by org.testng.reporters.JUnitReportReporter -->
<testsuite hostname="APL-5CD4070B3G" failures="0" tests="1" name="tests.RegisterTest" time="8.468" errors="0" timestamp="2025-04-02T15:06:09 IST" skipped="0">
  <testcase classname="tests.RegisterTest" name="testLogin" time="8.468"/>
</testsuite> <!-- tests.RegisterTest -->
